# AXIOM ACTIVITY LOG — Run 2026-04_dryrun
# ============================================================
# Format:  [TAG] YYYY-MM-DDTHH:MM:SSZ | Persona | Description | Refs
# Rules:   Append-only. Never edit existing lines.
#          Corrections → new [CORRECTION] line.
#          Commit this file with every significant git commit.
#          This is the FIRST file to read when orienting after a session drop.
# ============================================================

[INIT]      2026-04-29T00:00:00Z | Kostya  | Run 2026-04_dryrun initialised. Repo: https://github.com/teivasystems/axiom-hackathon
[MILESTONE] 2026-04-29T00:00:00Z | Alex    | PREP phase started — dry run of full AXIOM process
[START]     2026-04-29T00:01:00Z | Alex    | AXM-DR-02 Ideation session started
[DONE]      2026-04-29T00:10:00Z | Alex    | AXM-DR-02 Ideation complete | runs/2026-04_dryrun/ideation/session.md
[HANDOVER]  2026-04-29T00:10:00Z | Alex    | → Sam (AXM-DR-03) | HANDOVERS.md#H-001
[START]     2026-04-29T00:11:00Z | Sam     | AXM-DR-03 Architecture doc started
[DONE]      2026-04-29T00:30:00Z | Sam     | AXM-DR-03 Architecture complete | runs/2026-04_dryrun/docs/architecture.md
[HANDOVER]  2026-04-29T00:30:00Z | Sam     | → Jordan (AXM-DR-08) and Morgan (AXM-DR-04) | HANDOVERS.md#H-002
[DONE]      2026-04-29T00:45:00Z | Jordan  | Jira tickets created: AXM-21 (ideation/Done) AXM-22 (arch/Done) AXM-23 (wireframes/In Progress) AXM-24 (test cases/In Progress) AXM-25 (build/In Progress)
[DONE]      2026-04-29T00:50:00Z | Jordan  | Persona field set on all tickets; AXM-21→Alex AXM-22→Sam AXM-23→Morgan AXM-24→Casey AXM-25→Jordan
[BLOCKER]   2026-04-29T00:51:00Z | Jordan  | AXM-25 blocked — PDI not accessible, now-sdk auth not switched | Escalated to Kostya | Jira: AXM-25 comment#40133
[UNBLOCK]   2026-04-29T01:00:00Z | Jordan  | Auth unblocked — axiom-pdi active, build clean | New blocker found on deploy
[BLOCKER]   2026-04-29T01:00:00Z | Jordan  | AXM-25 blocked — scope prefix is PDI-bound, x_axiom_kudos invalid | Escalated to Kostya | D-001 | Jira: AXM-25 comment#40134
[DECISION]  2026-04-29T01:00:00Z | Jordan  | D-001 logged — scope must be assigned via AES, architecture.md + now.config.json need update
[UNBLOCK]   2026-04-29T01:15:00Z | Jordan  | D-001 resolved — vendor prefix 9274, scope x_9274_kudos confirmed
[COMMIT]    2026-04-29T01:15:00Z | Jordan  | App scaffolded: runs/2026-04_dryrun/app/ — now.config.json scope x_9274_kudos
[DEPLOY]    2026-04-29T01:15:00Z | Jordan  | Scaffold deployed clean to dev390976 | https://dev390976.service-now.com/sys_app.do?sys_id=8f59e7b4aa4a42c79236d248bd1672a3
[CHECKPOINT] 2026-05-01T00:00:00Z | Jordan  | Phase: BUILD | Done: scaffold deployed | Next: Row 1 Table x_9274_kudos_entry | Blockers: None
[START]      2026-05-01T00:01:00Z | Jordan  | AXM-25 BUILD Row 1 — Table x_9274_kudos_entry
[BLOCKER]    2026-05-01T00:05:00Z | Jordan  | Deploy blocked — axiom-pdi OAuth token expired | Escalating to Kostya
[UNBLOCK]    2026-05-01T00:10:00Z | Jordan  | Re-auth complete — axiom-pdi basic auth active
[COMMIT]     2026-05-01T00:10:00Z | Jordan  | Row 1 Table x_9274_kudos_entry built | sha: pending
[DEPLOY]     2026-05-01T00:10:00Z | Jordan  | Row 1 deployed clean | https://dev390976.service-now.com/sys_app.do?sys_id=8f59e7b4aa4a42c79236d248bd1672a3
